<?xml version="1.0" encoding="UTF-8"?>
<!-- Generated by org.testng.reporters.JUnitReportReporter -->
<testsuite hostname="DESKTOP-JN4EOK6" failures="0" tests="1" name="com.flib.setpinto.JavaScript" time="6.065" errors="0" timestamp="13 Nov 2022 03:26:38 GMT" skipped="0">
  <testcase classname="com.flib.setpinto.JavaScript" name="rightleft" time="6.065"/>
</testsuite> <!-- com.flib.setpinto.JavaScript -->
