<?xml version="1.0" encoding="UTF-8"?>
<!-- Generated by org.testng.reporters.JUnitReportReporter -->
<testsuite hostname="DESKTOP-JN4EOK6" failures="0" tests="1" name="com.flib.setpinto.AmazonMobile" time="11.421" errors="0" timestamp="10 Nov 2022 13:16:23 GMT" skipped="0">
  <testcase classname="com.flib.setpinto.AmazonMobile" name="test1" time="11.421"/>
</testsuite> <!-- com.flib.setpinto.AmazonMobile -->
