<?xml version="1.0" encoding="UTF-8"?>
<!-- Generated by org.testng.reporters.JUnitReportReporter -->
<testsuite hostname="DESKTOP-JN4EOK6" failures="0" tests="3" name="com.flib.setpinto.Redbus" time="2.027" errors="0" timestamp="14 Nov 2022 03:23:42 GMT" skipped="0">
  <testcase classname="com.flib.setpinto.Redbus" name="test1" time="0.326"/>
  <testcase classname="com.flib.setpinto.Redbus" name="test2" time="1.692"/>
  <testcase classname="com.flib.setpinto.Redbus" name="test3" time="0.009"/>
</testsuite> <!-- com.flib.setpinto.Redbus -->
