<?xml version="1.0" encoding="UTF-8"?>
<!-- Generated by org.testng.reporters.JUnitReportReporter -->
<testsuite hostname="DESKTOP-DDVD16E" failures="0" tests="2" name="com.flib.setpinto.MobileSearch" time="9.492" errors="0" timestamp="15 Dec 2022 07:27:55 GMT" skipped="0">
  <testcase classname="com.flib.setpinto.MobileSearch" name="test1" time="5.446"/>
  <testcase classname="com.flib.setpinto.MobileSearch" name="test2" time="4.046"/>
</testsuite> <!-- com.flib.setpinto.MobileSearch -->
