<?xml version="1.0" encoding="UTF-8"?>
<!-- Generated by org.testng.reporters.JUnitReportReporter -->
<testsuite hostname="DESKTOP-DDVD16E" failures="0" tests="3" name="com.flib.setpinto.Assert" time="0.017" errors="0" timestamp="15 Dec 2022 07:36:03 GMT" skipped="0">
  <testcase classname="com.flib.setpinto.Assert" name="id" time="0.004"/>
  <testcase classname="com.flib.setpinto.Assert" name="empno" time="0.001"/>
  <testcase classname="com.flib.setpinto.Assert" name="name" time="0.012"/>
</testsuite> <!-- com.flib.setpinto.Assert -->
